<?xml version="1.0" encoding="UTF-8"?>
<!-- Generated by org.testng.reporters.JUnitReportReporter -->
<testsuite hostname="cfabdedaaffa321729518beebacfadacfcone-0" failures="0" tests="1" name="com.example.TestRWD" time="15.407" errors="0" timestamp="2025-01-13T10:32:13 UTC" skipped="0">
  <testcase classname="com.example.TestRWD" name="testResponsiveness" time="15.407"/>
</testsuite> <!-- com.example.TestRWD -->
